2022-01-07 12:07:00,501 [Worker-3: Loading available Gradle versions] INFO  o.e.b.c.i.u.g.PublishedGradleVersions - Gradle version information cache is up-to-date. Trying to read.
2022-01-07 12:18:22,550 [Worker-24: Enabling Maven Dependency Management] INFO  o.e.m.c.i.l.LifecycleMappingFactory - Using org.eclipse.m2e.jdt.JarLifecycleMapping lifecycle mapping for MavenProject: com.xworkz:data_company:0.0.1-SNAPSHOT @ C:\Users\avila\OneDrive\Desktop\AdvanceJava\data_company\pom.xml.
2022-01-07 12:18:24,451 [Worker-23: Building] WARN  o.e.m.c.i.embedder.EclipseLogger - Using platform encoding (Cp1252 actually) to copy filtered resources, i.e. build is platform dependent!
2022-01-07 12:18:24,453 [Worker-23: Building] INFO  o.e.m.c.i.embedder.EclipseLogger - skip non existing resourceDirectory C:\Users\avila\OneDrive\Desktop\AdvanceJava\data_company\src\main\resources
2022-01-07 12:18:24,457 [Worker-23: Building] WARN  o.e.m.c.i.embedder.EclipseLogger - Using platform encoding (Cp1252 actually) to copy filtered resources, i.e. build is platform dependent!
2022-01-07 12:18:24,458 [Worker-23: Building] INFO  o.e.m.c.i.embedder.EclipseLogger - skip non existing resourceDirectory C:\Users\avila\OneDrive\Desktop\AdvanceJava\data_company\src\test\resources
2022-01-07 12:18:24,483 [Worker-24: Enabling Maven Dependency Management] INFO  o.e.m.j.i.AbstractJavaProjectConfigurator - Adding source folder /data_company/src
2022-01-07 12:18:24,485 [Worker-24: Enabling Maven Dependency Management] INFO  o.e.m.j.i.AbstractJavaProjectConfigurator - Not adding source folder /data_company/src/test/java because it overlaps with /data_company/src
2022-01-07 12:18:24,661 [Worker-24: Enabling Maven Dependency Management] INFO  o.e.m.c.i.p.ProjectConfigurationManager - Update started
2022-01-07 12:18:25,145 [Worker-24: Enabling Maven Dependency Management] INFO  o.e.m.c.i.l.LifecycleMappingFactory - Using org.eclipse.m2e.jdt.JarLifecycleMapping lifecycle mapping for MavenProject: com.xworkz:data_company:0.0.1-SNAPSHOT @ C:\Users\avila\OneDrive\Desktop\AdvanceJava\data_company\pom.xml.
2022-01-07 12:18:25,487 [Worker-24: Enabling Maven Dependency Management] INFO  o.e.m.j.i.AbstractJavaProjectConfigurator - Adding source folder /data_company/src
2022-01-07 12:18:25,488 [Worker-24: Enabling Maven Dependency Management] INFO  o.e.m.j.i.AbstractJavaProjectConfigurator - Not adding source folder /data_company/src/test/java because it overlaps with /data_company/src
2022-01-07 12:18:25,583 [Worker-24: Enabling Maven Dependency Management] INFO  o.e.m.c.i.p.ProjectConfigurationManager - Update completed: 0 sec
2022-01-07 12:18:25,772 [Worker-25: Building] WARN  o.e.m.c.i.embedder.EclipseLogger - Using platform encoding (Cp1252 actually) to copy filtered resources, i.e. build is platform dependent!
2022-01-07 12:18:25,774 [Worker-25: Building] INFO  o.e.m.c.i.embedder.EclipseLogger - skip non existing resourceDirectory C:\Users\avila\OneDrive\Desktop\AdvanceJava\data_company\src\main\resources
2022-01-07 12:18:25,779 [Worker-25: Building] WARN  o.e.m.c.i.embedder.EclipseLogger - Using platform encoding (Cp1252 actually) to copy filtered resources, i.e. build is platform dependent!
2022-01-07 12:18:25,781 [Worker-25: Building] INFO  o.e.m.c.i.embedder.EclipseLogger - skip non existing resourceDirectory C:\Users\avila\OneDrive\Desktop\AdvanceJava\data_company\src\test\resources
2022-01-07 12:19:22,179 [Worker-26: Launching Executing install in C__Users_avila_OneDrive_Desktop_AdvanceJava_data_company] INFO  o.e.m.i.launch.MavenLaunchDelegate - C:\Users\avila\OneDrive\Desktop\AdvanceJava\data_company
2022-01-07 12:19:22,185 [Worker-26: Launching Executing install in C__Users_avila_OneDrive_Desktop_AdvanceJava_data_company] INFO  o.e.m.i.launch.MavenLaunchDelegate -  mvn -B install
2022-01-07 12:20:30,245 [Worker-26: Building] WARN  o.e.m.c.i.embedder.EclipseLogger - Using platform encoding (Cp1252 actually) to copy filtered resources, i.e. build is platform dependent!
2022-01-07 12:20:30,247 [Worker-26: Building] INFO  o.e.m.c.i.embedder.EclipseLogger - skip non existing resourceDirectory C:\Users\avila\OneDrive\Desktop\AdvanceJava\data_company\src\main\resources
2022-01-07 12:20:30,249 [Worker-26: Building] WARN  o.e.m.c.i.embedder.EclipseLogger - Using platform encoding (Cp1252 actually) to copy filtered resources, i.e. build is platform dependent!
2022-01-07 12:20:30,251 [Worker-26: Building] INFO  o.e.m.c.i.embedder.EclipseLogger - skip non existing resourceDirectory C:\Users\avila\OneDrive\Desktop\AdvanceJava\data_company\src\test\resources
2022-01-07 12:23:20,913 [Worker-24: Updating Maven Project] INFO  o.e.m.c.i.p.ProjectConfigurationManager - Update started
2022-01-07 12:23:21,304 [Worker-24: Updating Maven Project] INFO  o.e.m.c.i.l.LifecycleMappingFactory - Using org.eclipse.m2e.jdt.JarLifecycleMapping lifecycle mapping for MavenProject: com.xworkz:data_company:0.0.1-SNAPSHOT @ C:\Users\avila\OneDrive\Desktop\AdvanceJava\data_company\pom.xml.
2022-01-07 12:23:21,533 [Worker-24: Updating Maven Project] INFO  o.e.m.j.i.AbstractJavaProjectConfigurator - Adding source folder /data_company/src
2022-01-07 12:23:21,533 [Worker-24: Updating Maven Project] INFO  o.e.m.j.i.AbstractJavaProjectConfigurator - Not adding source folder /data_company/src/test/java because it overlaps with /data_company/src
2022-01-07 12:23:21,626 [Worker-24: Updating Maven Project] INFO  o.e.m.c.i.p.ProjectConfigurationManager - Update completed: 0 sec
2022-01-07 12:23:21,748 [Worker-23: Building] WARN  o.e.m.c.i.embedder.EclipseLogger - Using platform encoding (Cp1252 actually) to copy filtered resources, i.e. build is platform dependent!
2022-01-07 12:23:21,749 [Worker-23: Building] INFO  o.e.m.c.i.embedder.EclipseLogger - skip non existing resourceDirectory C:\Users\avila\OneDrive\Desktop\AdvanceJava\data_company\src\main\resources
2022-01-07 12:23:21,752 [Worker-23: Building] WARN  o.e.m.c.i.embedder.EclipseLogger - Using platform encoding (Cp1252 actually) to copy filtered resources, i.e. build is platform dependent!
2022-01-07 12:23:21,753 [Worker-23: Building] INFO  o.e.m.c.i.embedder.EclipseLogger - skip non existing resourceDirectory C:\Users\avila\OneDrive\Desktop\AdvanceJava\data_company\src\test\resources
2022-01-07 12:26:09,864 [Worker-6: Building] INFO  o.e.m.c.i.l.LifecycleMappingFactory - Using org.eclipse.m2e.jdt.JarLifecycleMapping lifecycle mapping for MavenProject: com.xworkz:data_company:0.0.1-SNAPSHOT @ C:\Users\avila\OneDrive\Desktop\AdvanceJava\data_company\pom.xml.
2022-01-07 12:26:10,901 [Worker-6: Building] WARN  o.e.m.c.i.embedder.EclipseLogger - Using platform encoding (Cp1252 actually) to copy filtered resources, i.e. build is platform dependent!
2022-01-07 12:26:10,902 [Worker-6: Building] INFO  o.e.m.c.i.embedder.EclipseLogger - skip non existing resourceDirectory C:\Users\avila\OneDrive\Desktop\AdvanceJava\data_company\src\main\resources
2022-01-07 12:26:10,904 [Worker-6: Building] WARN  o.e.m.c.i.embedder.EclipseLogger - Using platform encoding (Cp1252 actually) to copy filtered resources, i.e. build is platform dependent!
2022-01-07 12:26:10,906 [Worker-6: Building] INFO  o.e.m.c.i.embedder.EclipseLogger - skip non existing resourceDirectory C:\Users\avila\OneDrive\Desktop\AdvanceJava\data_company\src\test\resources
2022-01-07 12:26:12,309 [Worker-28: Building] WARN  o.e.m.c.i.embedder.EclipseLogger - Using platform encoding (Cp1252 actually) to copy filtered resources, i.e. build is platform dependent!
2022-01-07 12:26:12,311 [Worker-28: Building] INFO  o.e.m.c.i.embedder.EclipseLogger - skip non existing resourceDirectory C:\Users\avila\OneDrive\Desktop\AdvanceJava\data_company\src\main\resources
2022-01-07 12:26:12,313 [Worker-28: Building] WARN  o.e.m.c.i.embedder.EclipseLogger - Using platform encoding (Cp1252 actually) to copy filtered resources, i.e. build is platform dependent!
2022-01-07 12:26:12,314 [Worker-28: Building] INFO  o.e.m.c.i.embedder.EclipseLogger - skip non existing resourceDirectory C:\Users\avila\OneDrive\Desktop\AdvanceJava\data_company\src\test\resources
2022-01-07 12:38:54,206 [Worker-31: Launching Executing install in C__Users_avila_OneDrive_Desktop_AdvanceJava_data_company] INFO  o.e.m.i.launch.MavenLaunchDelegate - C:\Users\avila\OneDrive\Desktop\AdvanceJava\data_company
2022-01-07 12:38:54,207 [Worker-31: Launching Executing install in C__Users_avila_OneDrive_Desktop_AdvanceJava_data_company] INFO  o.e.m.i.launch.MavenLaunchDelegate -  mvn -B install
2022-01-07 12:38:57,676 [Worker-32: Building] WARN  o.e.m.c.i.embedder.EclipseLogger - Using platform encoding (Cp1252 actually) to copy filtered resources, i.e. build is platform dependent!
2022-01-07 12:38:57,677 [Worker-32: Building] INFO  o.e.m.c.i.embedder.EclipseLogger - skip non existing resourceDirectory C:\Users\avila\OneDrive\Desktop\AdvanceJava\data_company\src\main\resources
2022-01-07 12:38:57,679 [Worker-32: Building] WARN  o.e.m.c.i.embedder.EclipseLogger - Using platform encoding (Cp1252 actually) to copy filtered resources, i.e. build is platform dependent!
2022-01-07 12:38:57,680 [Worker-32: Building] INFO  o.e.m.c.i.embedder.EclipseLogger - skip non existing resourceDirectory C:\Users\avila\OneDrive\Desktop\AdvanceJava\data_company\src\test\resources
2022-01-07 12:39:16,071 [Worker-34: Updating Maven Project] INFO  o.e.m.c.i.p.ProjectConfigurationManager - Update started
2022-01-07 12:39:16,403 [Worker-34: Updating Maven Project] INFO  o.e.m.c.i.l.LifecycleMappingFactory - Using org.eclipse.m2e.jdt.JarLifecycleMapping lifecycle mapping for MavenProject: com.xworkz:data_company:0.0.1-SNAPSHOT @ C:\Users\avila\OneDrive\Desktop\AdvanceJava\data_company\pom.xml.
2022-01-07 12:39:16,711 [Worker-34: Updating Maven Project] INFO  o.e.m.j.i.AbstractJavaProjectConfigurator - Adding source folder /data_company/src
2022-01-07 12:39:16,711 [Worker-34: Updating Maven Project] INFO  o.e.m.j.i.AbstractJavaProjectConfigurator - Not adding source folder /data_company/src/test/java because it overlaps with /data_company/src
2022-01-07 12:39:16,840 [Worker-34: Updating Maven Project] INFO  o.e.m.c.i.p.ProjectConfigurationManager - Update completed: 0 sec
2022-01-07 12:39:17,087 [Worker-34: Building] WARN  o.e.m.c.i.embedder.EclipseLogger - Using platform encoding (Cp1252 actually) to copy filtered resources, i.e. build is platform dependent!
2022-01-07 12:39:17,089 [Worker-34: Building] INFO  o.e.m.c.i.embedder.EclipseLogger - skip non existing resourceDirectory C:\Users\avila\OneDrive\Desktop\AdvanceJava\data_company\src\main\resources
2022-01-07 12:39:17,092 [Worker-34: Building] WARN  o.e.m.c.i.embedder.EclipseLogger - Using platform encoding (Cp1252 actually) to copy filtered resources, i.e. build is platform dependent!
2022-01-07 12:39:17,093 [Worker-34: Building] INFO  o.e.m.c.i.embedder.EclipseLogger - skip non existing resourceDirectory C:\Users\avila\OneDrive\Desktop\AdvanceJava\data_company\src\test\resources
2022-01-07 12:44:30,899 [Worker-34: Building] WARN  o.e.m.c.i.embedder.EclipseLogger - Using platform encoding (Cp1252 actually) to copy filtered resources, i.e. build is platform dependent!
2022-01-07 12:44:30,902 [Worker-34: Building] INFO  o.e.m.c.i.embedder.EclipseLogger - skip non existing resourceDirectory C:\Users\avila\OneDrive\Desktop\AdvanceJava\data_company\src\main\resources
2022-01-07 12:44:30,903 [Worker-34: Building] WARN  o.e.m.c.i.embedder.EclipseLogger - Using platform encoding (Cp1252 actually) to copy filtered resources, i.e. build is platform dependent!
2022-01-07 12:44:30,905 [Worker-34: Building] INFO  o.e.m.c.i.embedder.EclipseLogger - skip non existing resourceDirectory C:\Users\avila\OneDrive\Desktop\AdvanceJava\data_company\src\test\resources
2022-01-07 12:44:48,666 [Worker-29: Building] WARN  o.e.m.c.i.embedder.EclipseLogger - Using platform encoding (Cp1252 actually) to copy filtered resources, i.e. build is platform dependent!
2022-01-07 12:44:48,668 [Worker-29: Building] INFO  o.e.m.c.i.embedder.EclipseLogger - skip non existing resourceDirectory C:\Users\avila\OneDrive\Desktop\AdvanceJava\data_company\src\main\resources
2022-01-07 12:44:48,670 [Worker-29: Building] WARN  o.e.m.c.i.embedder.EclipseLogger - Using platform encoding (Cp1252 actually) to copy filtered resources, i.e. build is platform dependent!
2022-01-07 12:44:48,673 [Worker-29: Building] INFO  o.e.m.c.i.embedder.EclipseLogger - skip non existing resourceDirectory C:\Users\avila\OneDrive\Desktop\AdvanceJava\data_company\src\test\resources
2022-01-07 12:45:01,748 [Worker-36: Building] WARN  o.e.m.c.i.embedder.EclipseLogger - Using platform encoding (Cp1252 actually) to copy filtered resources, i.e. build is platform dependent!
2022-01-07 12:45:01,749 [Worker-36: Building] INFO  o.e.m.c.i.embedder.EclipseLogger - skip non existing resourceDirectory C:\Users\avila\OneDrive\Desktop\AdvanceJava\data_company\src\main\resources
2022-01-07 12:45:01,752 [Worker-36: Building] WARN  o.e.m.c.i.embedder.EclipseLogger - Using platform encoding (Cp1252 actually) to copy filtered resources, i.e. build is platform dependent!
2022-01-07 12:45:01,753 [Worker-36: Building] INFO  o.e.m.c.i.embedder.EclipseLogger - skip non existing resourceDirectory C:\Users\avila\OneDrive\Desktop\AdvanceJava\data_company\src\test\resources
2022-01-07 12:47:11,307 [Worker-34: Building] WARN  o.e.m.c.i.embedder.EclipseLogger - Using platform encoding (Cp1252 actually) to copy filtered resources, i.e. build is platform dependent!
2022-01-07 12:47:11,308 [Worker-34: Building] INFO  o.e.m.c.i.embedder.EclipseLogger - skip non existing resourceDirectory C:\Users\avila\OneDrive\Desktop\AdvanceJava\data_company\src\main\resources
2022-01-07 12:47:11,310 [Worker-34: Building] WARN  o.e.m.c.i.embedder.EclipseLogger - Using platform encoding (Cp1252 actually) to copy filtered resources, i.e. build is platform dependent!
2022-01-07 12:47:11,311 [Worker-34: Building] INFO  o.e.m.c.i.embedder.EclipseLogger - skip non existing resourceDirectory C:\Users\avila\OneDrive\Desktop\AdvanceJava\data_company\src\test\resources
2022-01-07 12:49:42,674 [Worker-29: Building] WARN  o.e.m.c.i.embedder.EclipseLogger - Using platform encoding (Cp1252 actually) to copy filtered resources, i.e. build is platform dependent!
2022-01-07 12:49:42,676 [Worker-29: Building] INFO  o.e.m.c.i.embedder.EclipseLogger - skip non existing resourceDirectory C:\Users\avila\OneDrive\Desktop\AdvanceJava\data_company\src\main\resources
2022-01-07 12:49:42,677 [Worker-29: Building] WARN  o.e.m.c.i.embedder.EclipseLogger - Using platform encoding (Cp1252 actually) to copy filtered resources, i.e. build is platform dependent!
2022-01-07 12:49:42,679 [Worker-29: Building] INFO  o.e.m.c.i.embedder.EclipseLogger - skip non existing resourceDirectory C:\Users\avila\OneDrive\Desktop\AdvanceJava\data_company\src\test\resources
2022-01-07 13:00:30,863 [Worker-38: Building] WARN  o.e.m.c.i.embedder.EclipseLogger - Using platform encoding (Cp1252 actually) to copy filtered resources, i.e. build is platform dependent!
2022-01-07 13:00:30,866 [Worker-38: Building] INFO  o.e.m.c.i.embedder.EclipseLogger - skip non existing resourceDirectory C:\Users\avila\OneDrive\Desktop\AdvanceJava\data_company\src\main\resources
2022-01-07 13:00:30,867 [Worker-38: Building] WARN  o.e.m.c.i.embedder.EclipseLogger - Using platform encoding (Cp1252 actually) to copy filtered resources, i.e. build is platform dependent!
2022-01-07 13:00:30,868 [Worker-38: Building] INFO  o.e.m.c.i.embedder.EclipseLogger - skip non existing resourceDirectory C:\Users\avila\OneDrive\Desktop\AdvanceJava\data_company\src\test\resources
2022-01-07 13:00:49,804 [Worker-48: Building] WARN  o.e.m.c.i.embedder.EclipseLogger - Using platform encoding (Cp1252 actually) to copy filtered resources, i.e. build is platform dependent!
2022-01-07 13:00:49,805 [Worker-48: Building] INFO  o.e.m.c.i.embedder.EclipseLogger - skip non existing resourceDirectory C:\Users\avila\OneDrive\Desktop\AdvanceJava\data_company\src\main\resources
2022-01-07 13:00:49,807 [Worker-48: Building] WARN  o.e.m.c.i.embedder.EclipseLogger - Using platform encoding (Cp1252 actually) to copy filtered resources, i.e. build is platform dependent!
2022-01-07 13:00:49,808 [Worker-48: Building] INFO  o.e.m.c.i.embedder.EclipseLogger - skip non existing resourceDirectory C:\Users\avila\OneDrive\Desktop\AdvanceJava\data_company\src\test\resources
2022-01-07 13:01:14,057 [Worker-47: Building] WARN  o.e.m.c.i.embedder.EclipseLogger - Using platform encoding (Cp1252 actually) to copy filtered resources, i.e. build is platform dependent!
2022-01-07 13:01:14,058 [Worker-47: Building] INFO  o.e.m.c.i.embedder.EclipseLogger - skip non existing resourceDirectory C:\Users\avila\OneDrive\Desktop\AdvanceJava\data_company\src\main\resources
2022-01-07 13:01:14,060 [Worker-47: Building] WARN  o.e.m.c.i.embedder.EclipseLogger - Using platform encoding (Cp1252 actually) to copy filtered resources, i.e. build is platform dependent!
2022-01-07 13:01:14,061 [Worker-47: Building] INFO  o.e.m.c.i.embedder.EclipseLogger - skip non existing resourceDirectory C:\Users\avila\OneDrive\Desktop\AdvanceJava\data_company\src\test\resources
2022-01-07 13:02:01,697 [Worker-48: Building] WARN  o.e.m.c.i.embedder.EclipseLogger - Using platform encoding (Cp1252 actually) to copy filtered resources, i.e. build is platform dependent!
2022-01-07 13:02:01,700 [Worker-48: Building] INFO  o.e.m.c.i.embedder.EclipseLogger - skip non existing resourceDirectory C:\Users\avila\OneDrive\Desktop\AdvanceJava\data_company\src\main\resources
2022-01-07 13:02:01,702 [Worker-48: Building] WARN  o.e.m.c.i.embedder.EclipseLogger - Using platform encoding (Cp1252 actually) to copy filtered resources, i.e. build is platform dependent!
2022-01-07 13:02:01,703 [Worker-48: Building] INFO  o.e.m.c.i.embedder.EclipseLogger - skip non existing resourceDirectory C:\Users\avila\OneDrive\Desktop\AdvanceJava\data_company\src\test\resources
2022-01-07 13:03:24,953 [Worker-51: Building] WARN  o.e.m.c.i.embedder.EclipseLogger - Using platform encoding (Cp1252 actually) to copy filtered resources, i.e. build is platform dependent!
2022-01-07 13:03:24,954 [Worker-51: Building] INFO  o.e.m.c.i.embedder.EclipseLogger - skip non existing resourceDirectory C:\Users\avila\OneDrive\Desktop\AdvanceJava\data_company\src\main\resources
2022-01-07 13:03:24,955 [Worker-51: Building] WARN  o.e.m.c.i.embedder.EclipseLogger - Using platform encoding (Cp1252 actually) to copy filtered resources, i.e. build is platform dependent!
2022-01-07 13:03:24,956 [Worker-51: Building] INFO  o.e.m.c.i.embedder.EclipseLogger - skip non existing resourceDirectory C:\Users\avila\OneDrive\Desktop\AdvanceJava\data_company\src\test\resources
2022-01-07 13:15:30,629 [Worker-53: Building] WARN  o.e.m.c.i.embedder.EclipseLogger - Using platform encoding (Cp1252 actually) to copy filtered resources, i.e. build is platform dependent!
2022-01-07 13:15:30,630 [Worker-53: Building] INFO  o.e.m.c.i.embedder.EclipseLogger - skip non existing resourceDirectory C:\Users\avila\OneDrive\Desktop\AdvanceJava\data_company\src\main\resources
2022-01-07 13:15:30,631 [Worker-53: Building] WARN  o.e.m.c.i.embedder.EclipseLogger - Using platform encoding (Cp1252 actually) to copy filtered resources, i.e. build is platform dependent!
2022-01-07 13:15:30,632 [Worker-53: Building] INFO  o.e.m.c.i.embedder.EclipseLogger - skip non existing resourceDirectory C:\Users\avila\OneDrive\Desktop\AdvanceJava\data_company\src\test\resources
2022-01-07 13:22:08,247 [Worker-58: Building] WARN  o.e.m.c.i.embedder.EclipseLogger - Using platform encoding (Cp1252 actually) to copy filtered resources, i.e. build is platform dependent!
2022-01-07 13:22:08,248 [Worker-58: Building] INFO  o.e.m.c.i.embedder.EclipseLogger - skip non existing resourceDirectory C:\Users\avila\OneDrive\Desktop\AdvanceJava\data_company\src\main\resources
2022-01-07 13:22:08,250 [Worker-58: Building] WARN  o.e.m.c.i.embedder.EclipseLogger - Using platform encoding (Cp1252 actually) to copy filtered resources, i.e. build is platform dependent!
2022-01-07 13:22:08,252 [Worker-58: Building] INFO  o.e.m.c.i.embedder.EclipseLogger - skip non existing resourceDirectory C:\Users\avila\OneDrive\Desktop\AdvanceJava\data_company\src\test\resources
2022-01-07 13:23:02,230 [Worker-59: Building] WARN  o.e.m.c.i.embedder.EclipseLogger - Using platform encoding (Cp1252 actually) to copy filtered resources, i.e. build is platform dependent!
2022-01-07 13:23:02,232 [Worker-59: Building] INFO  o.e.m.c.i.embedder.EclipseLogger - skip non existing resourceDirectory C:\Users\avila\OneDrive\Desktop\AdvanceJava\data_company\src\main\resources
2022-01-07 13:23:02,233 [Worker-59: Building] WARN  o.e.m.c.i.embedder.EclipseLogger - Using platform encoding (Cp1252 actually) to copy filtered resources, i.e. build is platform dependent!
2022-01-07 13:23:02,233 [Worker-59: Building] INFO  o.e.m.c.i.embedder.EclipseLogger - skip non existing resourceDirectory C:\Users\avila\OneDrive\Desktop\AdvanceJava\data_company\src\test\resources
2022-01-07 13:29:05,626 [Worker-62: Building] WARN  o.e.m.c.i.embedder.EclipseLogger - Using platform encoding (Cp1252 actually) to copy filtered resources, i.e. build is platform dependent!
2022-01-07 13:29:05,627 [Worker-62: Building] INFO  o.e.m.c.i.embedder.EclipseLogger - skip non existing resourceDirectory C:\Users\avila\OneDrive\Desktop\AdvanceJava\data_company\src\main\resources
2022-01-07 13:29:05,629 [Worker-62: Building] WARN  o.e.m.c.i.embedder.EclipseLogger - Using platform encoding (Cp1252 actually) to copy filtered resources, i.e. build is platform dependent!
2022-01-07 13:29:05,631 [Worker-62: Building] INFO  o.e.m.c.i.embedder.EclipseLogger - skip non existing resourceDirectory C:\Users\avila\OneDrive\Desktop\AdvanceJava\data_company\src\test\resources
2022-01-07 13:32:55,679 [Worker-61: Building] WARN  o.e.m.c.i.embedder.EclipseLogger - Using platform encoding (Cp1252 actually) to copy filtered resources, i.e. build is platform dependent!
2022-01-07 13:32:55,681 [Worker-61: Building] INFO  o.e.m.c.i.embedder.EclipseLogger - skip non existing resourceDirectory C:\Users\avila\OneDrive\Desktop\AdvanceJava\data_company\src\main\resources
2022-01-07 13:32:55,683 [Worker-61: Building] WARN  o.e.m.c.i.embedder.EclipseLogger - Using platform encoding (Cp1252 actually) to copy filtered resources, i.e. build is platform dependent!
2022-01-07 13:32:55,683 [Worker-61: Building] INFO  o.e.m.c.i.embedder.EclipseLogger - skip non existing resourceDirectory C:\Users\avila\OneDrive\Desktop\AdvanceJava\data_company\src\test\resources
2022-01-07 13:36:15,818 [Worker-69: Building] WARN  o.e.m.c.i.embedder.EclipseLogger - Using platform encoding (Cp1252 actually) to copy filtered resources, i.e. build is platform dependent!
2022-01-07 13:36:15,819 [Worker-69: Building] INFO  o.e.m.c.i.embedder.EclipseLogger - skip non existing resourceDirectory C:\Users\avila\OneDrive\Desktop\AdvanceJava\data_company\src\main\resources
2022-01-07 13:36:15,820 [Worker-69: Building] WARN  o.e.m.c.i.embedder.EclipseLogger - Using platform encoding (Cp1252 actually) to copy filtered resources, i.e. build is platform dependent!
2022-01-07 13:36:15,821 [Worker-69: Building] INFO  o.e.m.c.i.embedder.EclipseLogger - skip non existing resourceDirectory C:\Users\avila\OneDrive\Desktop\AdvanceJava\data_company\src\test\resources
2022-01-07 13:38:38,688 [Worker-69: Building] WARN  o.e.m.c.i.embedder.EclipseLogger - Using platform encoding (Cp1252 actually) to copy filtered resources, i.e. build is platform dependent!
2022-01-07 13:38:38,690 [Worker-69: Building] INFO  o.e.m.c.i.embedder.EclipseLogger - skip non existing resourceDirectory C:\Users\avila\OneDrive\Desktop\AdvanceJava\data_company\src\main\resources
2022-01-07 13:38:38,691 [Worker-69: Building] WARN  o.e.m.c.i.embedder.EclipseLogger - Using platform encoding (Cp1252 actually) to copy filtered resources, i.e. build is platform dependent!
2022-01-07 13:38:38,693 [Worker-69: Building] INFO  o.e.m.c.i.embedder.EclipseLogger - skip non existing resourceDirectory C:\Users\avila\OneDrive\Desktop\AdvanceJava\data_company\src\test\resources
2022-01-07 13:39:02,052 [Worker-70: Building] WARN  o.e.m.c.i.embedder.EclipseLogger - Using platform encoding (Cp1252 actually) to copy filtered resources, i.e. build is platform dependent!
2022-01-07 13:39:02,053 [Worker-70: Building] INFO  o.e.m.c.i.embedder.EclipseLogger - skip non existing resourceDirectory C:\Users\avila\OneDrive\Desktop\AdvanceJava\data_company\src\main\resources
2022-01-07 13:39:02,055 [Worker-70: Building] WARN  o.e.m.c.i.embedder.EclipseLogger - Using platform encoding (Cp1252 actually) to copy filtered resources, i.e. build is platform dependent!
2022-01-07 13:39:02,057 [Worker-70: Building] INFO  o.e.m.c.i.embedder.EclipseLogger - skip non existing resourceDirectory C:\Users\avila\OneDrive\Desktop\AdvanceJava\data_company\src\test\resources
2022-01-07 13:39:57,940 [Worker-72: Building] WARN  o.e.m.c.i.embedder.EclipseLogger - Using platform encoding (Cp1252 actually) to copy filtered resources, i.e. build is platform dependent!
2022-01-07 13:39:57,941 [Worker-72: Building] INFO  o.e.m.c.i.embedder.EclipseLogger - skip non existing resourceDirectory C:\Users\avila\OneDrive\Desktop\AdvanceJava\data_company\src\main\resources
2022-01-07 13:39:57,943 [Worker-72: Building] WARN  o.e.m.c.i.embedder.EclipseLogger - Using platform encoding (Cp1252 actually) to copy filtered resources, i.e. build is platform dependent!
2022-01-07 13:39:57,944 [Worker-72: Building] INFO  o.e.m.c.i.embedder.EclipseLogger - skip non existing resourceDirectory C:\Users\avila\OneDrive\Desktop\AdvanceJava\data_company\src\test\resources
2022-01-07 13:40:57,096 [Worker-73: Building] WARN  o.e.m.c.i.embedder.EclipseLogger - Using platform encoding (Cp1252 actually) to copy filtered resources, i.e. build is platform dependent!
2022-01-07 13:40:57,098 [Worker-73: Building] INFO  o.e.m.c.i.embedder.EclipseLogger - skip non existing resourceDirectory C:\Users\avila\OneDrive\Desktop\AdvanceJava\data_company\src\main\resources
2022-01-07 13:40:57,100 [Worker-73: Building] WARN  o.e.m.c.i.embedder.EclipseLogger - Using platform encoding (Cp1252 actually) to copy filtered resources, i.e. build is platform dependent!
2022-01-07 13:40:57,101 [Worker-73: Building] INFO  o.e.m.c.i.embedder.EclipseLogger - skip non existing resourceDirectory C:\Users\avila\OneDrive\Desktop\AdvanceJava\data_company\src\test\resources
2022-01-07 13:41:10,558 [Worker-68: Building] WARN  o.e.m.c.i.embedder.EclipseLogger - Using platform encoding (Cp1252 actually) to copy filtered resources, i.e. build is platform dependent!
2022-01-07 13:41:10,559 [Worker-68: Building] INFO  o.e.m.c.i.embedder.EclipseLogger - skip non existing resourceDirectory C:\Users\avila\OneDrive\Desktop\AdvanceJava\data_company\src\main\resources
2022-01-07 13:41:10,561 [Worker-68: Building] WARN  o.e.m.c.i.embedder.EclipseLogger - Using platform encoding (Cp1252 actually) to copy filtered resources, i.e. build is platform dependent!
2022-01-07 13:41:10,562 [Worker-68: Building] INFO  o.e.m.c.i.embedder.EclipseLogger - skip non existing resourceDirectory C:\Users\avila\OneDrive\Desktop\AdvanceJava\data_company\src\test\resources
2022-01-07 13:41:22,593 [Worker-73: Building] WARN  o.e.m.c.i.embedder.EclipseLogger - Using platform encoding (Cp1252 actually) to copy filtered resources, i.e. build is platform dependent!
2022-01-07 13:41:22,595 [Worker-73: Building] INFO  o.e.m.c.i.embedder.EclipseLogger - skip non existing resourceDirectory C:\Users\avila\OneDrive\Desktop\AdvanceJava\data_company\src\main\resources
2022-01-07 13:41:22,597 [Worker-73: Building] WARN  o.e.m.c.i.embedder.EclipseLogger - Using platform encoding (Cp1252 actually) to copy filtered resources, i.e. build is platform dependent!
2022-01-07 13:41:22,598 [Worker-73: Building] INFO  o.e.m.c.i.embedder.EclipseLogger - skip non existing resourceDirectory C:\Users\avila\OneDrive\Desktop\AdvanceJava\data_company\src\test\resources
2022-01-07 13:41:31,760 [Worker-68: Building] WARN  o.e.m.c.i.embedder.EclipseLogger - Using platform encoding (Cp1252 actually) to copy filtered resources, i.e. build is platform dependent!
2022-01-07 13:41:31,761 [Worker-68: Building] INFO  o.e.m.c.i.embedder.EclipseLogger - skip non existing resourceDirectory C:\Users\avila\OneDrive\Desktop\AdvanceJava\data_company\src\main\resources
2022-01-07 13:41:31,762 [Worker-68: Building] WARN  o.e.m.c.i.embedder.EclipseLogger - Using platform encoding (Cp1252 actually) to copy filtered resources, i.e. build is platform dependent!
2022-01-07 13:41:31,763 [Worker-68: Building] INFO  o.e.m.c.i.embedder.EclipseLogger - skip non existing resourceDirectory C:\Users\avila\OneDrive\Desktop\AdvanceJava\data_company\src\test\resources
2022-01-07 13:41:42,099 [Worker-72: Building] WARN  o.e.m.c.i.embedder.EclipseLogger - Using platform encoding (Cp1252 actually) to copy filtered resources, i.e. build is platform dependent!
2022-01-07 13:41:42,100 [Worker-72: Building] INFO  o.e.m.c.i.embedder.EclipseLogger - skip non existing resourceDirectory C:\Users\avila\OneDrive\Desktop\AdvanceJava\data_company\src\main\resources
2022-01-07 13:41:42,102 [Worker-72: Building] WARN  o.e.m.c.i.embedder.EclipseLogger - Using platform encoding (Cp1252 actually) to copy filtered resources, i.e. build is platform dependent!
2022-01-07 13:41:42,103 [Worker-72: Building] INFO  o.e.m.c.i.embedder.EclipseLogger - skip non existing resourceDirectory C:\Users\avila\OneDrive\Desktop\AdvanceJava\data_company\src\test\resources
2022-01-07 13:41:50,273 [Worker-69: Building] WARN  o.e.m.c.i.embedder.EclipseLogger - Using platform encoding (Cp1252 actually) to copy filtered resources, i.e. build is platform dependent!
2022-01-07 13:41:50,274 [Worker-69: Building] INFO  o.e.m.c.i.embedder.EclipseLogger - skip non existing resourceDirectory C:\Users\avila\OneDrive\Desktop\AdvanceJava\data_company\src\main\resources
2022-01-07 13:41:50,276 [Worker-69: Building] WARN  o.e.m.c.i.embedder.EclipseLogger - Using platform encoding (Cp1252 actually) to copy filtered resources, i.e. build is platform dependent!
2022-01-07 13:41:50,277 [Worker-69: Building] INFO  o.e.m.c.i.embedder.EclipseLogger - skip non existing resourceDirectory C:\Users\avila\OneDrive\Desktop\AdvanceJava\data_company\src\test\resources
2022-01-07 13:42:01,371 [Worker-68: Building] WARN  o.e.m.c.i.embedder.EclipseLogger - Using platform encoding (Cp1252 actually) to copy filtered resources, i.e. build is platform dependent!
2022-01-07 13:42:01,372 [Worker-68: Building] INFO  o.e.m.c.i.embedder.EclipseLogger - skip non existing resourceDirectory C:\Users\avila\OneDrive\Desktop\AdvanceJava\data_company\src\main\resources
2022-01-07 13:42:01,374 [Worker-68: Building] WARN  o.e.m.c.i.embedder.EclipseLogger - Using platform encoding (Cp1252 actually) to copy filtered resources, i.e. build is platform dependent!
2022-01-07 13:42:01,375 [Worker-68: Building] INFO  o.e.m.c.i.embedder.EclipseLogger - skip non existing resourceDirectory C:\Users\avila\OneDrive\Desktop\AdvanceJava\data_company\src\test\resources
2022-01-07 13:42:08,505 [Worker-69: Building] WARN  o.e.m.c.i.embedder.EclipseLogger - Using platform encoding (Cp1252 actually) to copy filtered resources, i.e. build is platform dependent!
2022-01-07 13:42:08,507 [Worker-69: Building] INFO  o.e.m.c.i.embedder.EclipseLogger - skip non existing resourceDirectory C:\Users\avila\OneDrive\Desktop\AdvanceJava\data_company\src\main\resources
2022-01-07 13:42:08,508 [Worker-69: Building] WARN  o.e.m.c.i.embedder.EclipseLogger - Using platform encoding (Cp1252 actually) to copy filtered resources, i.e. build is platform dependent!
2022-01-07 13:42:08,509 [Worker-69: Building] INFO  o.e.m.c.i.embedder.EclipseLogger - skip non existing resourceDirectory C:\Users\avila\OneDrive\Desktop\AdvanceJava\data_company\src\test\resources
2022-01-07 13:42:14,828 [Worker-70: Building] WARN  o.e.m.c.i.embedder.EclipseLogger - Using platform encoding (Cp1252 actually) to copy filtered resources, i.e. build is platform dependent!
2022-01-07 13:42:14,829 [Worker-70: Building] INFO  o.e.m.c.i.embedder.EclipseLogger - skip non existing resourceDirectory C:\Users\avila\OneDrive\Desktop\AdvanceJava\data_company\src\main\resources
2022-01-07 13:42:14,831 [Worker-70: Building] WARN  o.e.m.c.i.embedder.EclipseLogger - Using platform encoding (Cp1252 actually) to copy filtered resources, i.e. build is platform dependent!
2022-01-07 13:42:14,832 [Worker-70: Building] INFO  o.e.m.c.i.embedder.EclipseLogger - skip non existing resourceDirectory C:\Users\avila\OneDrive\Desktop\AdvanceJava\data_company\src\test\resources
2022-01-07 13:42:25,545 [Worker-71: Building] WARN  o.e.m.c.i.embedder.EclipseLogger - Using platform encoding (Cp1252 actually) to copy filtered resources, i.e. build is platform dependent!
2022-01-07 13:42:25,546 [Worker-71: Building] INFO  o.e.m.c.i.embedder.EclipseLogger - skip non existing resourceDirectory C:\Users\avila\OneDrive\Desktop\AdvanceJava\data_company\src\main\resources
2022-01-07 13:42:25,548 [Worker-71: Building] WARN  o.e.m.c.i.embedder.EclipseLogger - Using platform encoding (Cp1252 actually) to copy filtered resources, i.e. build is platform dependent!
2022-01-07 13:42:25,550 [Worker-71: Building] INFO  o.e.m.c.i.embedder.EclipseLogger - skip non existing resourceDirectory C:\Users\avila\OneDrive\Desktop\AdvanceJava\data_company\src\test\resources
2022-01-07 13:42:32,237 [Worker-70: Building] WARN  o.e.m.c.i.embedder.EclipseLogger - Using platform encoding (Cp1252 actually) to copy filtered resources, i.e. build is platform dependent!
2022-01-07 13:42:32,239 [Worker-70: Building] INFO  o.e.m.c.i.embedder.EclipseLogger - skip non existing resourceDirectory C:\Users\avila\OneDrive\Desktop\AdvanceJava\data_company\src\main\resources
2022-01-07 13:42:32,240 [Worker-70: Building] WARN  o.e.m.c.i.embedder.EclipseLogger - Using platform encoding (Cp1252 actually) to copy filtered resources, i.e. build is platform dependent!
2022-01-07 13:42:32,241 [Worker-70: Building] INFO  o.e.m.c.i.embedder.EclipseLogger - skip non existing resourceDirectory C:\Users\avila\OneDrive\Desktop\AdvanceJava\data_company\src\test\resources
2022-01-07 13:42:42,325 [Worker-70: Building] WARN  o.e.m.c.i.embedder.EclipseLogger - Using platform encoding (Cp1252 actually) to copy filtered resources, i.e. build is platform dependent!
2022-01-07 13:42:42,326 [Worker-70: Building] INFO  o.e.m.c.i.embedder.EclipseLogger - skip non existing resourceDirectory C:\Users\avila\OneDrive\Desktop\AdvanceJava\data_company\src\main\resources
2022-01-07 13:42:42,328 [Worker-70: Building] WARN  o.e.m.c.i.embedder.EclipseLogger - Using platform encoding (Cp1252 actually) to copy filtered resources, i.e. build is platform dependent!
2022-01-07 13:42:42,329 [Worker-70: Building] INFO  o.e.m.c.i.embedder.EclipseLogger - skip non existing resourceDirectory C:\Users\avila\OneDrive\Desktop\AdvanceJava\data_company\src\test\resources
2022-01-07 13:43:20,263 [Worker-69: Building] WARN  o.e.m.c.i.embedder.EclipseLogger - Using platform encoding (Cp1252 actually) to copy filtered resources, i.e. build is platform dependent!
2022-01-07 13:43:20,264 [Worker-69: Building] INFO  o.e.m.c.i.embedder.EclipseLogger - skip non existing resourceDirectory C:\Users\avila\OneDrive\Desktop\AdvanceJava\data_company\src\main\resources
2022-01-07 13:43:20,265 [Worker-69: Building] WARN  o.e.m.c.i.embedder.EclipseLogger - Using platform encoding (Cp1252 actually) to copy filtered resources, i.e. build is platform dependent!
2022-01-07 13:43:20,267 [Worker-69: Building] INFO  o.e.m.c.i.embedder.EclipseLogger - skip non existing resourceDirectory C:\Users\avila\OneDrive\Desktop\AdvanceJava\data_company\src\test\resources
2022-01-07 13:43:36,875 [Worker-70: Building] WARN  o.e.m.c.i.embedder.EclipseLogger - Using platform encoding (Cp1252 actually) to copy filtered resources, i.e. build is platform dependent!
2022-01-07 13:43:36,876 [Worker-70: Building] INFO  o.e.m.c.i.embedder.EclipseLogger - skip non existing resourceDirectory C:\Users\avila\OneDrive\Desktop\AdvanceJava\data_company\src\main\resources
2022-01-07 13:43:36,878 [Worker-70: Building] WARN  o.e.m.c.i.embedder.EclipseLogger - Using platform encoding (Cp1252 actually) to copy filtered resources, i.e. build is platform dependent!
2022-01-07 13:43:36,879 [Worker-70: Building] INFO  o.e.m.c.i.embedder.EclipseLogger - skip non existing resourceDirectory C:\Users\avila\OneDrive\Desktop\AdvanceJava\data_company\src\test\resources
2022-01-07 13:43:59,885 [Worker-72: Building] WARN  o.e.m.c.i.embedder.EclipseLogger - Using platform encoding (Cp1252 actually) to copy filtered resources, i.e. build is platform dependent!
2022-01-07 13:43:59,886 [Worker-72: Building] INFO  o.e.m.c.i.embedder.EclipseLogger - skip non existing resourceDirectory C:\Users\avila\OneDrive\Desktop\AdvanceJava\data_company\src\main\resources
2022-01-07 13:43:59,887 [Worker-72: Building] WARN  o.e.m.c.i.embedder.EclipseLogger - Using platform encoding (Cp1252 actually) to copy filtered resources, i.e. build is platform dependent!
2022-01-07 13:43:59,889 [Worker-72: Building] INFO  o.e.m.c.i.embedder.EclipseLogger - skip non existing resourceDirectory C:\Users\avila\OneDrive\Desktop\AdvanceJava\data_company\src\test\resources
2022-01-07 13:45:04,555 [Worker-69: Building] WARN  o.e.m.c.i.embedder.EclipseLogger - Using platform encoding (Cp1252 actually) to copy filtered resources, i.e. build is platform dependent!
2022-01-07 13:45:04,556 [Worker-69: Building] INFO  o.e.m.c.i.embedder.EclipseLogger - skip non existing resourceDirectory C:\Users\avila\OneDrive\Desktop\AdvanceJava\data_company\src\main\resources
2022-01-07 13:45:04,557 [Worker-69: Building] WARN  o.e.m.c.i.embedder.EclipseLogger - Using platform encoding (Cp1252 actually) to copy filtered resources, i.e. build is platform dependent!
2022-01-07 13:45:04,558 [Worker-69: Building] INFO  o.e.m.c.i.embedder.EclipseLogger - skip non existing resourceDirectory C:\Users\avila\OneDrive\Desktop\AdvanceJava\data_company\src\test\resources
2022-01-07 14:08:54,559 [Worker-86: Building] WARN  o.e.m.c.i.embedder.EclipseLogger - Using platform encoding (Cp1252 actually) to copy filtered resources, i.e. build is platform dependent!
2022-01-07 14:08:54,561 [Worker-86: Building] INFO  o.e.m.c.i.embedder.EclipseLogger - skip non existing resourceDirectory C:\Users\avila\OneDrive\Desktop\AdvanceJava\data_company\src\main\resources
2022-01-07 14:08:54,562 [Worker-86: Building] WARN  o.e.m.c.i.embedder.EclipseLogger - Using platform encoding (Cp1252 actually) to copy filtered resources, i.e. build is platform dependent!
2022-01-07 14:08:54,563 [Worker-86: Building] INFO  o.e.m.c.i.embedder.EclipseLogger - skip non existing resourceDirectory C:\Users\avila\OneDrive\Desktop\AdvanceJava\data_company\src\test\resources
2022-01-07 14:11:59,967 [Worker-92: Building] WARN  o.e.m.c.i.embedder.EclipseLogger - Using platform encoding (Cp1252 actually) to copy filtered resources, i.e. build is platform dependent!
2022-01-07 14:11:59,969 [Worker-92: Building] INFO  o.e.m.c.i.embedder.EclipseLogger - skip non existing resourceDirectory C:\Users\avila\OneDrive\Desktop\AdvanceJava\data_company\src\main\resources
2022-01-07 14:11:59,970 [Worker-92: Building] WARN  o.e.m.c.i.embedder.EclipseLogger - Using platform encoding (Cp1252 actually) to copy filtered resources, i.e. build is platform dependent!
2022-01-07 14:11:59,972 [Worker-92: Building] INFO  o.e.m.c.i.embedder.EclipseLogger - skip non existing resourceDirectory C:\Users\avila\OneDrive\Desktop\AdvanceJava\data_company\src\test\resources
2022-01-07 14:14:56,512 [Worker-92: Building] WARN  o.e.m.c.i.embedder.EclipseLogger - Using platform encoding (Cp1252 actually) to copy filtered resources, i.e. build is platform dependent!
2022-01-07 14:14:56,513 [Worker-92: Building] INFO  o.e.m.c.i.embedder.EclipseLogger - skip non existing resourceDirectory C:\Users\avila\OneDrive\Desktop\AdvanceJava\data_company\src\main\resources
2022-01-07 14:14:56,515 [Worker-92: Building] WARN  o.e.m.c.i.embedder.EclipseLogger - Using platform encoding (Cp1252 actually) to copy filtered resources, i.e. build is platform dependent!
2022-01-07 14:14:56,516 [Worker-92: Building] INFO  o.e.m.c.i.embedder.EclipseLogger - skip non existing resourceDirectory C:\Users\avila\OneDrive\Desktop\AdvanceJava\data_company\src\test\resources
2022-01-07 14:15:47,145 [Worker-92: Building] WARN  o.e.m.c.i.embedder.EclipseLogger - Using platform encoding (Cp1252 actually) to copy filtered resources, i.e. build is platform dependent!
2022-01-07 14:15:47,146 [Worker-92: Building] INFO  o.e.m.c.i.embedder.EclipseLogger - skip non existing resourceDirectory C:\Users\avila\OneDrive\Desktop\AdvanceJava\data_company\src\main\resources
2022-01-07 14:15:47,148 [Worker-92: Building] WARN  o.e.m.c.i.embedder.EclipseLogger - Using platform encoding (Cp1252 actually) to copy filtered resources, i.e. build is platform dependent!
2022-01-07 14:15:47,149 [Worker-92: Building] INFO  o.e.m.c.i.embedder.EclipseLogger - skip non existing resourceDirectory C:\Users\avila\OneDrive\Desktop\AdvanceJava\data_company\src\test\resources
2022-01-07 14:18:37,940 [Worker-93: Building] WARN  o.e.m.c.i.embedder.EclipseLogger - Using platform encoding (Cp1252 actually) to copy filtered resources, i.e. build is platform dependent!
2022-01-07 14:18:37,942 [Worker-93: Building] INFO  o.e.m.c.i.embedder.EclipseLogger - skip non existing resourceDirectory C:\Users\avila\OneDrive\Desktop\AdvanceJava\data_company\src\main\resources
2022-01-07 14:18:37,943 [Worker-93: Building] WARN  o.e.m.c.i.embedder.EclipseLogger - Using platform encoding (Cp1252 actually) to copy filtered resources, i.e. build is platform dependent!
2022-01-07 14:18:37,944 [Worker-93: Building] INFO  o.e.m.c.i.embedder.EclipseLogger - skip non existing resourceDirectory C:\Users\avila\OneDrive\Desktop\AdvanceJava\data_company\src\test\resources
2022-01-07 14:18:48,265 [Worker-97: Building] WARN  o.e.m.c.i.embedder.EclipseLogger - Using platform encoding (Cp1252 actually) to copy filtered resources, i.e. build is platform dependent!
2022-01-07 14:18:48,266 [Worker-97: Building] INFO  o.e.m.c.i.embedder.EclipseLogger - skip non existing resourceDirectory C:\Users\avila\OneDrive\Desktop\AdvanceJava\data_company\src\main\resources
2022-01-07 14:18:48,268 [Worker-97: Building] WARN  o.e.m.c.i.embedder.EclipseLogger - Using platform encoding (Cp1252 actually) to copy filtered resources, i.e. build is platform dependent!
2022-01-07 14:18:48,269 [Worker-97: Building] INFO  o.e.m.c.i.embedder.EclipseLogger - skip non existing resourceDirectory C:\Users\avila\OneDrive\Desktop\AdvanceJava\data_company\src\test\resources
2022-01-07 14:23:51,786 [Worker-101: Building] WARN  o.e.m.c.i.embedder.EclipseLogger - Using platform encoding (Cp1252 actually) to copy filtered resources, i.e. build is platform dependent!
2022-01-07 14:23:51,788 [Worker-101: Building] INFO  o.e.m.c.i.embedder.EclipseLogger - skip non existing resourceDirectory C:\Users\avila\OneDrive\Desktop\AdvanceJava\data_company\src\main\resources
2022-01-07 14:23:51,790 [Worker-101: Building] WARN  o.e.m.c.i.embedder.EclipseLogger - Using platform encoding (Cp1252 actually) to copy filtered resources, i.e. build is platform dependent!
2022-01-07 14:23:51,791 [Worker-101: Building] INFO  o.e.m.c.i.embedder.EclipseLogger - skip non existing resourceDirectory C:\Users\avila\OneDrive\Desktop\AdvanceJava\data_company\src\test\resources
2022-01-07 14:23:59,473 [Worker-102: Building] WARN  o.e.m.c.i.embedder.EclipseLogger - Using platform encoding (Cp1252 actually) to copy filtered resources, i.e. build is platform dependent!
2022-01-07 14:23:59,474 [Worker-102: Building] INFO  o.e.m.c.i.embedder.EclipseLogger - skip non existing resourceDirectory C:\Users\avila\OneDrive\Desktop\AdvanceJava\data_company\src\main\resources
2022-01-07 14:23:59,476 [Worker-102: Building] WARN  o.e.m.c.i.embedder.EclipseLogger - Using platform encoding (Cp1252 actually) to copy filtered resources, i.e. build is platform dependent!
2022-01-07 14:23:59,477 [Worker-102: Building] INFO  o.e.m.c.i.embedder.EclipseLogger - skip non existing resourceDirectory C:\Users\avila\OneDrive\Desktop\AdvanceJava\data_company\src\test\resources
2022-01-07 14:24:07,282 [Worker-97: Building] WARN  o.e.m.c.i.embedder.EclipseLogger - Using platform encoding (Cp1252 actually) to copy filtered resources, i.e. build is platform dependent!
2022-01-07 14:24:07,284 [Worker-97: Building] INFO  o.e.m.c.i.embedder.EclipseLogger - skip non existing resourceDirectory C:\Users\avila\OneDrive\Desktop\AdvanceJava\data_company\src\main\resources
2022-01-07 14:24:07,285 [Worker-97: Building] WARN  o.e.m.c.i.embedder.EclipseLogger - Using platform encoding (Cp1252 actually) to copy filtered resources, i.e. build is platform dependent!
2022-01-07 14:24:07,287 [Worker-97: Building] INFO  o.e.m.c.i.embedder.EclipseLogger - skip non existing resourceDirectory C:\Users\avila\OneDrive\Desktop\AdvanceJava\data_company\src\test\resources
2022-01-07 14:50:47,683 [Worker-0: Loading available Gradle versions] INFO  o.e.b.c.i.u.g.PublishedGradleVersions - Gradle version information cache is up-to-date. Trying to read.
2022-01-07 20:31:31,736 [Worker-1: Loading available Gradle versions] INFO  o.e.b.c.i.u.g.PublishedGradleVersions - Gradle version information cache is up-to-date. Trying to read.
2022-01-07 20:32:52,828 [Worker-8: Building] WARN  o.e.m.c.i.embedder.EclipseLogger - Using platform encoding (Cp1252 actually) to copy filtered resources, i.e. build is platform dependent!
2022-01-07 20:32:52,830 [Worker-8: Building] INFO  o.e.m.c.i.embedder.EclipseLogger - skip non existing resourceDirectory C:\Users\avila\OneDrive\Desktop\AdvanceJava\data_company\src\main\resources
2022-01-07 20:32:52,832 [Worker-8: Building] WARN  o.e.m.c.i.embedder.EclipseLogger - Using platform encoding (Cp1252 actually) to copy filtered resources, i.e. build is platform dependent!
2022-01-07 20:32:52,834 [Worker-8: Building] INFO  o.e.m.c.i.embedder.EclipseLogger - skip non existing resourceDirectory C:\Users\avila\OneDrive\Desktop\AdvanceJava\data_company\src\test\resources
2022-01-07 20:39:38,978 [Worker-20: Building] WARN  o.e.m.c.i.embedder.EclipseLogger - Using platform encoding (Cp1252 actually) to copy filtered resources, i.e. build is platform dependent!
2022-01-07 20:39:38,980 [Worker-20: Building] INFO  o.e.m.c.i.embedder.EclipseLogger - skip non existing resourceDirectory C:\Users\avila\OneDrive\Desktop\AdvanceJava\data_company\src\main\resources
2022-01-07 20:39:38,982 [Worker-20: Building] WARN  o.e.m.c.i.embedder.EclipseLogger - Using platform encoding (Cp1252 actually) to copy filtered resources, i.e. build is platform dependent!
2022-01-07 20:39:38,983 [Worker-20: Building] INFO  o.e.m.c.i.embedder.EclipseLogger - skip non existing resourceDirectory C:\Users\avila\OneDrive\Desktop\AdvanceJava\data_company\src\test\resources
2022-01-07 20:40:09,198 [Worker-21: Building] WARN  o.e.m.c.i.embedder.EclipseLogger - Using platform encoding (Cp1252 actually) to copy filtered resources, i.e. build is platform dependent!
2022-01-07 20:40:09,199 [Worker-21: Building] INFO  o.e.m.c.i.embedder.EclipseLogger - skip non existing resourceDirectory C:\Users\avila\OneDrive\Desktop\AdvanceJava\data_company\src\main\resources
2022-01-07 20:40:09,204 [Worker-21: Building] WARN  o.e.m.c.i.embedder.EclipseLogger - Using platform encoding (Cp1252 actually) to copy filtered resources, i.e. build is platform dependent!
2022-01-07 20:40:09,205 [Worker-21: Building] INFO  o.e.m.c.i.embedder.EclipseLogger - skip non existing resourceDirectory C:\Users\avila\OneDrive\Desktop\AdvanceJava\data_company\src\test\resources
2022-01-07 20:40:39,365 [Worker-5: Building] WARN  o.e.m.c.i.embedder.EclipseLogger - Using platform encoding (Cp1252 actually) to copy filtered resources, i.e. build is platform dependent!
2022-01-07 20:40:39,367 [Worker-5: Building] INFO  o.e.m.c.i.embedder.EclipseLogger - skip non existing resourceDirectory C:\Users\avila\OneDrive\Desktop\AdvanceJava\data_company\src\main\resources
2022-01-07 20:40:39,368 [Worker-5: Building] WARN  o.e.m.c.i.embedder.EclipseLogger - Using platform encoding (Cp1252 actually) to copy filtered resources, i.e. build is platform dependent!
2022-01-07 20:40:39,370 [Worker-5: Building] INFO  o.e.m.c.i.embedder.EclipseLogger - skip non existing resourceDirectory C:\Users\avila\OneDrive\Desktop\AdvanceJava\data_company\src\test\resources
2022-01-07 20:41:35,634 [Worker-20: Building] WARN  o.e.m.c.i.embedder.EclipseLogger - Using platform encoding (Cp1252 actually) to copy filtered resources, i.e. build is platform dependent!
2022-01-07 20:41:35,636 [Worker-20: Building] INFO  o.e.m.c.i.embedder.EclipseLogger - skip non existing resourceDirectory C:\Users\avila\OneDrive\Desktop\AdvanceJava\data_company\src\main\resources
2022-01-07 20:41:35,639 [Worker-20: Building] WARN  o.e.m.c.i.embedder.EclipseLogger - Using platform encoding (Cp1252 actually) to copy filtered resources, i.e. build is platform dependent!
2022-01-07 20:41:35,641 [Worker-20: Building] INFO  o.e.m.c.i.embedder.EclipseLogger - skip non existing resourceDirectory C:\Users\avila\OneDrive\Desktop\AdvanceJava\data_company\src\test\resources
2022-01-07 20:47:39,036 [Worker-1: Building] WARN  o.e.m.c.i.embedder.EclipseLogger - Using platform encoding (Cp1252 actually) to copy filtered resources, i.e. build is platform dependent!
2022-01-07 20:47:39,037 [Worker-1: Building] INFO  o.e.m.c.i.embedder.EclipseLogger - skip non existing resourceDirectory C:\Users\avila\OneDrive\Desktop\AdvanceJava\data_company\src\main\resources
2022-01-07 20:47:39,039 [Worker-1: Building] WARN  o.e.m.c.i.embedder.EclipseLogger - Using platform encoding (Cp1252 actually) to copy filtered resources, i.e. build is platform dependent!
2022-01-07 20:47:39,040 [Worker-1: Building] INFO  o.e.m.c.i.embedder.EclipseLogger - skip non existing resourceDirectory C:\Users\avila\OneDrive\Desktop\AdvanceJava\data_company\src\test\resources
2022-01-07 20:49:13,651 [Worker-5: Building] WARN  o.e.m.c.i.embedder.EclipseLogger - Using platform encoding (Cp1252 actually) to copy filtered resources, i.e. build is platform dependent!
2022-01-07 20:49:13,652 [Worker-5: Building] INFO  o.e.m.c.i.embedder.EclipseLogger - skip non existing resourceDirectory C:\Users\avila\OneDrive\Desktop\AdvanceJava\data_company\src\main\resources
2022-01-07 20:49:13,655 [Worker-5: Building] WARN  o.e.m.c.i.embedder.EclipseLogger - Using platform encoding (Cp1252 actually) to copy filtered resources, i.e. build is platform dependent!
2022-01-07 20:49:13,656 [Worker-5: Building] INFO  o.e.m.c.i.embedder.EclipseLogger - skip non existing resourceDirectory C:\Users\avila\OneDrive\Desktop\AdvanceJava\data_company\src\test\resources
2022-01-07 20:52:51,643 [Worker-11: Building] WARN  o.e.m.c.i.embedder.EclipseLogger - Using platform encoding (Cp1252 actually) to copy filtered resources, i.e. build is platform dependent!
2022-01-07 20:52:51,659 [Worker-11: Building] INFO  o.e.m.c.i.embedder.EclipseLogger - skip non existing resourceDirectory C:\Users\avila\OneDrive\Desktop\AdvanceJava\data_company\src\main\resources
2022-01-07 20:52:51,662 [Worker-11: Building] WARN  o.e.m.c.i.embedder.EclipseLogger - Using platform encoding (Cp1252 actually) to copy filtered resources, i.e. build is platform dependent!
2022-01-07 20:52:51,664 [Worker-11: Building] INFO  o.e.m.c.i.embedder.EclipseLogger - skip non existing resourceDirectory C:\Users\avila\OneDrive\Desktop\AdvanceJava\data_company\src\test\resources
2022-01-07 20:52:57,279 [Worker-20: Building] WARN  o.e.m.c.i.embedder.EclipseLogger - Using platform encoding (Cp1252 actually) to copy filtered resources, i.e. build is platform dependent!
2022-01-07 20:52:57,280 [Worker-20: Building] INFO  o.e.m.c.i.embedder.EclipseLogger - skip non existing resourceDirectory C:\Users\avila\OneDrive\Desktop\AdvanceJava\data_company\src\main\resources
2022-01-07 20:52:57,282 [Worker-20: Building] WARN  o.e.m.c.i.embedder.EclipseLogger - Using platform encoding (Cp1252 actually) to copy filtered resources, i.e. build is platform dependent!
2022-01-07 20:52:57,283 [Worker-20: Building] INFO  o.e.m.c.i.embedder.EclipseLogger - skip non existing resourceDirectory C:\Users\avila\OneDrive\Desktop\AdvanceJava\data_company\src\test\resources
2022-01-07 20:53:21,519 [Worker-1: Building] WARN  o.e.m.c.i.embedder.EclipseLogger - Using platform encoding (Cp1252 actually) to copy filtered resources, i.e. build is platform dependent!
2022-01-07 20:53:21,521 [Worker-1: Building] INFO  o.e.m.c.i.embedder.EclipseLogger - skip non existing resourceDirectory C:\Users\avila\OneDrive\Desktop\AdvanceJava\data_company\src\main\resources
2022-01-07 20:53:21,522 [Worker-1: Building] WARN  o.e.m.c.i.embedder.EclipseLogger - Using platform encoding (Cp1252 actually) to copy filtered resources, i.e. build is platform dependent!
2022-01-07 20:53:21,523 [Worker-1: Building] INFO  o.e.m.c.i.embedder.EclipseLogger - skip non existing resourceDirectory C:\Users\avila\OneDrive\Desktop\AdvanceJava\data_company\src\test\resources
2022-01-07 20:53:31,407 [Worker-20: Building] WARN  o.e.m.c.i.embedder.EclipseLogger - Using platform encoding (Cp1252 actually) to copy filtered resources, i.e. build is platform dependent!
2022-01-07 20:53:31,408 [Worker-20: Building] INFO  o.e.m.c.i.embedder.EclipseLogger - skip non existing resourceDirectory C:\Users\avila\OneDrive\Desktop\AdvanceJava\data_company\src\main\resources
2022-01-07 20:53:31,411 [Worker-20: Building] WARN  o.e.m.c.i.embedder.EclipseLogger - Using platform encoding (Cp1252 actually) to copy filtered resources, i.e. build is platform dependent!
2022-01-07 20:53:31,412 [Worker-20: Building] INFO  o.e.m.c.i.embedder.EclipseLogger - skip non existing resourceDirectory C:\Users\avila\OneDrive\Desktop\AdvanceJava\data_company\src\test\resources
2022-01-07 20:53:43,256 [Worker-21: Building] WARN  o.e.m.c.i.embedder.EclipseLogger - Using platform encoding (Cp1252 actually) to copy filtered resources, i.e. build is platform dependent!
2022-01-07 20:53:43,257 [Worker-21: Building] INFO  o.e.m.c.i.embedder.EclipseLogger - skip non existing resourceDirectory C:\Users\avila\OneDrive\Desktop\AdvanceJava\data_company\src\main\resources
2022-01-07 20:53:43,258 [Worker-21: Building] WARN  o.e.m.c.i.embedder.EclipseLogger - Using platform encoding (Cp1252 actually) to copy filtered resources, i.e. build is platform dependent!
2022-01-07 20:53:43,259 [Worker-21: Building] INFO  o.e.m.c.i.embedder.EclipseLogger - skip non existing resourceDirectory C:\Users\avila\OneDrive\Desktop\AdvanceJava\data_company\src\test\resources
2022-01-07 20:54:40,157 [Worker-23: Building] WARN  o.e.m.c.i.embedder.EclipseLogger - Using platform encoding (Cp1252 actually) to copy filtered resources, i.e. build is platform dependent!
2022-01-07 20:54:40,157 [Worker-23: Building] INFO  o.e.m.c.i.embedder.EclipseLogger - skip non existing resourceDirectory C:\Users\avila\OneDrive\Desktop\AdvanceJava\data_company\src\main\resources
2022-01-07 20:54:40,160 [Worker-23: Building] WARN  o.e.m.c.i.embedder.EclipseLogger - Using platform encoding (Cp1252 actually) to copy filtered resources, i.e. build is platform dependent!
2022-01-07 20:54:40,160 [Worker-23: Building] INFO  o.e.m.c.i.embedder.EclipseLogger - skip non existing resourceDirectory C:\Users\avila\OneDrive\Desktop\AdvanceJava\data_company\src\test\resources
2022-01-07 20:54:52,369 [Worker-20: Building] WARN  o.e.m.c.i.embedder.EclipseLogger - Using platform encoding (Cp1252 actually) to copy filtered resources, i.e. build is platform dependent!
2022-01-07 20:54:52,369 [Worker-20: Building] INFO  o.e.m.c.i.embedder.EclipseLogger - skip non existing resourceDirectory C:\Users\avila\OneDrive\Desktop\AdvanceJava\data_company\src\main\resources
2022-01-07 20:54:52,371 [Worker-20: Building] WARN  o.e.m.c.i.embedder.EclipseLogger - Using platform encoding (Cp1252 actually) to copy filtered resources, i.e. build is platform dependent!
2022-01-07 20:54:52,372 [Worker-20: Building] INFO  o.e.m.c.i.embedder.EclipseLogger - skip non existing resourceDirectory C:\Users\avila\OneDrive\Desktop\AdvanceJava\data_company\src\test\resources
2022-01-07 21:02:12,250 [Worker-24: Building] WARN  o.e.m.c.i.embedder.EclipseLogger - Using platform encoding (Cp1252 actually) to copy filtered resources, i.e. build is platform dependent!
2022-01-07 21:02:12,251 [Worker-24: Building] INFO  o.e.m.c.i.embedder.EclipseLogger - skip non existing resourceDirectory C:\Users\avila\OneDrive\Desktop\AdvanceJava\data_company\src\main\resources
2022-01-07 21:02:12,252 [Worker-24: Building] WARN  o.e.m.c.i.embedder.EclipseLogger - Using platform encoding (Cp1252 actually) to copy filtered resources, i.e. build is platform dependent!
2022-01-07 21:02:12,253 [Worker-24: Building] INFO  o.e.m.c.i.embedder.EclipseLogger - skip non existing resourceDirectory C:\Users\avila\OneDrive\Desktop\AdvanceJava\data_company\src\test\resources
2022-01-07 21:03:12,101 [Worker-26: Building] WARN  o.e.m.c.i.embedder.EclipseLogger - Using platform encoding (Cp1252 actually) to copy filtered resources, i.e. build is platform dependent!
2022-01-07 21:03:12,102 [Worker-26: Building] INFO  o.e.m.c.i.embedder.EclipseLogger - skip non existing resourceDirectory C:\Users\avila\OneDrive\Desktop\AdvanceJava\data_company\src\main\resources
2022-01-07 21:03:12,104 [Worker-26: Building] WARN  o.e.m.c.i.embedder.EclipseLogger - Using platform encoding (Cp1252 actually) to copy filtered resources, i.e. build is platform dependent!
2022-01-07 21:03:12,106 [Worker-26: Building] INFO  o.e.m.c.i.embedder.EclipseLogger - skip non existing resourceDirectory C:\Users\avila\OneDrive\Desktop\AdvanceJava\data_company\src\test\resources
2022-01-07 21:07:43,544 [Worker-21: Building] WARN  o.e.m.c.i.embedder.EclipseLogger - Using platform encoding (Cp1252 actually) to copy filtered resources, i.e. build is platform dependent!
2022-01-07 21:07:43,546 [Worker-21: Building] INFO  o.e.m.c.i.embedder.EclipseLogger - skip non existing resourceDirectory C:\Users\avila\OneDrive\Desktop\AdvanceJava\data_company\src\main\resources
2022-01-07 21:07:43,548 [Worker-21: Building] WARN  o.e.m.c.i.embedder.EclipseLogger - Using platform encoding (Cp1252 actually) to copy filtered resources, i.e. build is platform dependent!
2022-01-07 21:07:43,549 [Worker-21: Building] INFO  o.e.m.c.i.embedder.EclipseLogger - skip non existing resourceDirectory C:\Users\avila\OneDrive\Desktop\AdvanceJava\data_company\src\test\resources
2022-01-07 21:09:14,739 [Worker-23: Building] WARN  o.e.m.c.i.embedder.EclipseLogger - Using platform encoding (Cp1252 actually) to copy filtered resources, i.e. build is platform dependent!
2022-01-07 21:09:14,740 [Worker-23: Building] INFO  o.e.m.c.i.embedder.EclipseLogger - skip non existing resourceDirectory C:\Users\avila\OneDrive\Desktop\AdvanceJava\data_company\src\main\resources
2022-01-07 21:09:14,742 [Worker-23: Building] WARN  o.e.m.c.i.embedder.EclipseLogger - Using platform encoding (Cp1252 actually) to copy filtered resources, i.e. build is platform dependent!
2022-01-07 21:09:14,744 [Worker-23: Building] INFO  o.e.m.c.i.embedder.EclipseLogger - skip non existing resourceDirectory C:\Users\avila\OneDrive\Desktop\AdvanceJava\data_company\src\test\resources
2022-01-07 21:14:03,994 [Worker-25: Building] WARN  o.e.m.c.i.embedder.EclipseLogger - Using platform encoding (Cp1252 actually) to copy filtered resources, i.e. build is platform dependent!
2022-01-07 21:14:03,995 [Worker-25: Building] INFO  o.e.m.c.i.embedder.EclipseLogger - skip non existing resourceDirectory C:\Users\avila\OneDrive\Desktop\AdvanceJava\data_company\src\main\resources
2022-01-07 21:14:03,997 [Worker-25: Building] WARN  o.e.m.c.i.embedder.EclipseLogger - Using platform encoding (Cp1252 actually) to copy filtered resources, i.e. build is platform dependent!
2022-01-07 21:14:03,999 [Worker-25: Building] INFO  o.e.m.c.i.embedder.EclipseLogger - skip non existing resourceDirectory C:\Users\avila\OneDrive\Desktop\AdvanceJava\data_company\src\test\resources
2022-01-07 21:14:27,608 [Worker-21: Building] WARN  o.e.m.c.i.embedder.EclipseLogger - Using platform encoding (Cp1252 actually) to copy filtered resources, i.e. build is platform dependent!
2022-01-07 21:14:27,610 [Worker-21: Building] INFO  o.e.m.c.i.embedder.EclipseLogger - skip non existing resourceDirectory C:\Users\avila\OneDrive\Desktop\AdvanceJava\data_company\src\main\resources
2022-01-07 21:14:27,612 [Worker-21: Building] WARN  o.e.m.c.i.embedder.EclipseLogger - Using platform encoding (Cp1252 actually) to copy filtered resources, i.e. build is platform dependent!
2022-01-07 21:14:27,613 [Worker-21: Building] INFO  o.e.m.c.i.embedder.EclipseLogger - skip non existing resourceDirectory C:\Users\avila\OneDrive\Desktop\AdvanceJava\data_company\src\test\resources
2022-01-07 21:15:02,624 [Worker-23: Building] WARN  o.e.m.c.i.embedder.EclipseLogger - Using platform encoding (Cp1252 actually) to copy filtered resources, i.e. build is platform dependent!
2022-01-07 21:15:02,625 [Worker-23: Building] INFO  o.e.m.c.i.embedder.EclipseLogger - skip non existing resourceDirectory C:\Users\avila\OneDrive\Desktop\AdvanceJava\data_company\src\main\resources
2022-01-07 21:15:02,627 [Worker-23: Building] WARN  o.e.m.c.i.embedder.EclipseLogger - Using platform encoding (Cp1252 actually) to copy filtered resources, i.e. build is platform dependent!
2022-01-07 21:15:02,628 [Worker-23: Building] INFO  o.e.m.c.i.embedder.EclipseLogger - skip non existing resourceDirectory C:\Users\avila\OneDrive\Desktop\AdvanceJava\data_company\src\test\resources
2022-01-07 21:15:20,657 [Worker-25: Building] WARN  o.e.m.c.i.embedder.EclipseLogger - Using platform encoding (Cp1252 actually) to copy filtered resources, i.e. build is platform dependent!
2022-01-07 21:15:20,659 [Worker-25: Building] INFO  o.e.m.c.i.embedder.EclipseLogger - skip non existing resourceDirectory C:\Users\avila\OneDrive\Desktop\AdvanceJava\data_company\src\main\resources
2022-01-07 21:15:20,661 [Worker-25: Building] WARN  o.e.m.c.i.embedder.EclipseLogger - Using platform encoding (Cp1252 actually) to copy filtered resources, i.e. build is platform dependent!
2022-01-07 21:15:20,663 [Worker-25: Building] INFO  o.e.m.c.i.embedder.EclipseLogger - skip non existing resourceDirectory C:\Users\avila\OneDrive\Desktop\AdvanceJava\data_company\src\test\resources
2022-01-07 21:16:29,624 [Worker-23: Building] WARN  o.e.m.c.i.embedder.EclipseLogger - Using platform encoding (Cp1252 actually) to copy filtered resources, i.e. build is platform dependent!
2022-01-07 21:16:29,625 [Worker-23: Building] INFO  o.e.m.c.i.embedder.EclipseLogger - skip non existing resourceDirectory C:\Users\avila\OneDrive\Desktop\AdvanceJava\data_company\src\main\resources
2022-01-07 21:16:29,627 [Worker-23: Building] WARN  o.e.m.c.i.embedder.EclipseLogger - Using platform encoding (Cp1252 actually) to copy filtered resources, i.e. build is platform dependent!
2022-01-07 21:16:29,628 [Worker-23: Building] INFO  o.e.m.c.i.embedder.EclipseLogger - skip non existing resourceDirectory C:\Users\avila\OneDrive\Desktop\AdvanceJava\data_company\src\test\resources
2022-01-07 21:17:37,815 [Worker-27: Building] WARN  o.e.m.c.i.embedder.EclipseLogger - Using platform encoding (Cp1252 actually) to copy filtered resources, i.e. build is platform dependent!
2022-01-07 21:17:37,817 [Worker-27: Building] INFO  o.e.m.c.i.embedder.EclipseLogger - skip non existing resourceDirectory C:\Users\avila\OneDrive\Desktop\AdvanceJava\data_company\src\main\resources
2022-01-07 21:17:37,819 [Worker-27: Building] WARN  o.e.m.c.i.embedder.EclipseLogger - Using platform encoding (Cp1252 actually) to copy filtered resources, i.e. build is platform dependent!
2022-01-07 21:17:37,820 [Worker-27: Building] INFO  o.e.m.c.i.embedder.EclipseLogger - skip non existing resourceDirectory C:\Users\avila\OneDrive\Desktop\AdvanceJava\data_company\src\test\resources
2022-01-07 21:18:06,818 [Worker-28: Building] WARN  o.e.m.c.i.embedder.EclipseLogger - Using platform encoding (Cp1252 actually) to copy filtered resources, i.e. build is platform dependent!
2022-01-07 21:18:06,819 [Worker-28: Building] INFO  o.e.m.c.i.embedder.EclipseLogger - skip non existing resourceDirectory C:\Users\avila\OneDrive\Desktop\AdvanceJava\data_company\src\main\resources
2022-01-07 21:18:06,821 [Worker-28: Building] WARN  o.e.m.c.i.embedder.EclipseLogger - Using platform encoding (Cp1252 actually) to copy filtered resources, i.e. build is platform dependent!
2022-01-07 21:18:06,822 [Worker-28: Building] INFO  o.e.m.c.i.embedder.EclipseLogger - skip non existing resourceDirectory C:\Users\avila\OneDrive\Desktop\AdvanceJava\data_company\src\test\resources
2022-01-07 21:23:27,159 [Worker-21: Building] WARN  o.e.m.c.i.embedder.EclipseLogger - Using platform encoding (Cp1252 actually) to copy filtered resources, i.e. build is platform dependent!
2022-01-07 21:23:27,161 [Worker-21: Building] INFO  o.e.m.c.i.embedder.EclipseLogger - skip non existing resourceDirectory C:\Users\avila\OneDrive\Desktop\AdvanceJava\data_company\src\main\resources
2022-01-07 21:23:27,163 [Worker-21: Building] WARN  o.e.m.c.i.embedder.EclipseLogger - Using platform encoding (Cp1252 actually) to copy filtered resources, i.e. build is platform dependent!
2022-01-07 21:23:27,164 [Worker-21: Building] INFO  o.e.m.c.i.embedder.EclipseLogger - skip non existing resourceDirectory C:\Users\avila\OneDrive\Desktop\AdvanceJava\data_company\src\test\resources
2022-01-07 21:27:40,650 [Worker-28: Building] WARN  o.e.m.c.i.embedder.EclipseLogger - Using platform encoding (Cp1252 actually) to copy filtered resources, i.e. build is platform dependent!
2022-01-07 21:27:40,651 [Worker-28: Building] INFO  o.e.m.c.i.embedder.EclipseLogger - skip non existing resourceDirectory C:\Users\avila\OneDrive\Desktop\AdvanceJava\data_company\src\main\resources
2022-01-07 21:27:40,653 [Worker-28: Building] WARN  o.e.m.c.i.embedder.EclipseLogger - Using platform encoding (Cp1252 actually) to copy filtered resources, i.e. build is platform dependent!
2022-01-07 21:27:40,655 [Worker-28: Building] INFO  o.e.m.c.i.embedder.EclipseLogger - skip non existing resourceDirectory C:\Users\avila\OneDrive\Desktop\AdvanceJava\data_company\src\test\resources
2022-01-07 21:29:10,813 [Worker-29: Building] WARN  o.e.m.c.i.embedder.EclipseLogger - Using platform encoding (Cp1252 actually) to copy filtered resources, i.e. build is platform dependent!
2022-01-07 21:29:10,815 [Worker-29: Building] INFO  o.e.m.c.i.embedder.EclipseLogger - skip non existing resourceDirectory C:\Users\avila\OneDrive\Desktop\AdvanceJava\data_company\src\main\resources
2022-01-07 21:29:10,816 [Worker-29: Building] WARN  o.e.m.c.i.embedder.EclipseLogger - Using platform encoding (Cp1252 actually) to copy filtered resources, i.e. build is platform dependent!
2022-01-07 21:29:10,818 [Worker-29: Building] INFO  o.e.m.c.i.embedder.EclipseLogger - skip non existing resourceDirectory C:\Users\avila\OneDrive\Desktop\AdvanceJava\data_company\src\test\resources
2022-01-07 21:53:56,595 [Worker-26: Building] WARN  o.e.m.c.i.embedder.EclipseLogger - Using platform encoding (Cp1252 actually) to copy filtered resources, i.e. build is platform dependent!
2022-01-07 21:53:56,597 [Worker-26: Building] INFO  o.e.m.c.i.embedder.EclipseLogger - skip non existing resourceDirectory C:\Users\avila\OneDrive\Desktop\AdvanceJava\data_company\src\main\resources
2022-01-07 21:53:56,598 [Worker-26: Building] WARN  o.e.m.c.i.embedder.EclipseLogger - Using platform encoding (Cp1252 actually) to copy filtered resources, i.e. build is platform dependent!
2022-01-07 21:53:56,600 [Worker-26: Building] INFO  o.e.m.c.i.embedder.EclipseLogger - skip non existing resourceDirectory C:\Users\avila\OneDrive\Desktop\AdvanceJava\data_company\src\test\resources
2022-01-07 22:00:51,434 [Worker-38: Building] WARN  o.e.m.c.i.embedder.EclipseLogger - Using platform encoding (Cp1252 actually) to copy filtered resources, i.e. build is platform dependent!
2022-01-07 22:00:51,435 [Worker-38: Building] INFO  o.e.m.c.i.embedder.EclipseLogger - skip non existing resourceDirectory C:\Users\avila\OneDrive\Desktop\AdvanceJava\data_company\src\main\resources
2022-01-07 22:00:51,437 [Worker-38: Building] WARN  o.e.m.c.i.embedder.EclipseLogger - Using platform encoding (Cp1252 actually) to copy filtered resources, i.e. build is platform dependent!
2022-01-07 22:00:51,438 [Worker-38: Building] INFO  o.e.m.c.i.embedder.EclipseLogger - skip non existing resourceDirectory C:\Users\avila\OneDrive\Desktop\AdvanceJava\data_company\src\test\resources
2022-01-07 22:04:20,913 [Worker-38: Building] WARN  o.e.m.c.i.embedder.EclipseLogger - Using platform encoding (Cp1252 actually) to copy filtered resources, i.e. build is platform dependent!
2022-01-07 22:04:20,915 [Worker-38: Building] INFO  o.e.m.c.i.embedder.EclipseLogger - skip non existing resourceDirectory C:\Users\avila\OneDrive\Desktop\AdvanceJava\data_company\src\main\resources
2022-01-07 22:04:20,918 [Worker-38: Building] WARN  o.e.m.c.i.embedder.EclipseLogger - Using platform encoding (Cp1252 actually) to copy filtered resources, i.e. build is platform dependent!
2022-01-07 22:04:20,920 [Worker-38: Building] INFO  o.e.m.c.i.embedder.EclipseLogger - skip non existing resourceDirectory C:\Users\avila\OneDrive\Desktop\AdvanceJava\data_company\src\test\resources
2022-01-07 22:04:47,038 [Worker-43: Building] WARN  o.e.m.c.i.embedder.EclipseLogger - Using platform encoding (Cp1252 actually) to copy filtered resources, i.e. build is platform dependent!
2022-01-07 22:04:47,039 [Worker-43: Building] INFO  o.e.m.c.i.embedder.EclipseLogger - skip non existing resourceDirectory C:\Users\avila\OneDrive\Desktop\AdvanceJava\data_company\src\main\resources
2022-01-07 22:04:47,041 [Worker-43: Building] WARN  o.e.m.c.i.embedder.EclipseLogger - Using platform encoding (Cp1252 actually) to copy filtered resources, i.e. build is platform dependent!
2022-01-07 22:04:47,042 [Worker-43: Building] INFO  o.e.m.c.i.embedder.EclipseLogger - skip non existing resourceDirectory C:\Users\avila\OneDrive\Desktop\AdvanceJava\data_company\src\test\resources
2022-01-07 22:05:39,758 [Worker-38: Building] WARN  o.e.m.c.i.embedder.EclipseLogger - Using platform encoding (Cp1252 actually) to copy filtered resources, i.e. build is platform dependent!
2022-01-07 22:05:39,760 [Worker-38: Building] INFO  o.e.m.c.i.embedder.EclipseLogger - skip non existing resourceDirectory C:\Users\avila\OneDrive\Desktop\AdvanceJava\data_company\src\main\resources
2022-01-07 22:05:39,761 [Worker-38: Building] WARN  o.e.m.c.i.embedder.EclipseLogger - Using platform encoding (Cp1252 actually) to copy filtered resources, i.e. build is platform dependent!
2022-01-07 22:05:39,763 [Worker-38: Building] INFO  o.e.m.c.i.embedder.EclipseLogger - skip non existing resourceDirectory C:\Users\avila\OneDrive\Desktop\AdvanceJava\data_company\src\test\resources
2022-01-07 22:07:49,333 [Worker-41: Building] WARN  o.e.m.c.i.embedder.EclipseLogger - Using platform encoding (Cp1252 actually) to copy filtered resources, i.e. build is platform dependent!
2022-01-07 22:07:49,335 [Worker-41: Building] INFO  o.e.m.c.i.embedder.EclipseLogger - skip non existing resourceDirectory C:\Users\avila\OneDrive\Desktop\AdvanceJava\data_company\src\main\resources
2022-01-07 22:07:49,336 [Worker-41: Building] WARN  o.e.m.c.i.embedder.EclipseLogger - Using platform encoding (Cp1252 actually) to copy filtered resources, i.e. build is platform dependent!
2022-01-07 22:07:49,338 [Worker-41: Building] INFO  o.e.m.c.i.embedder.EclipseLogger - skip non existing resourceDirectory C:\Users\avila\OneDrive\Desktop\AdvanceJava\data_company\src\test\resources
2022-01-07 22:09:13,409 [Worker-42: Building] WARN  o.e.m.c.i.embedder.EclipseLogger - Using platform encoding (Cp1252 actually) to copy filtered resources, i.e. build is platform dependent!
2022-01-07 22:09:13,410 [Worker-42: Building] INFO  o.e.m.c.i.embedder.EclipseLogger - skip non existing resourceDirectory C:\Users\avila\OneDrive\Desktop\AdvanceJava\data_company\src\main\resources
2022-01-07 22:09:13,412 [Worker-42: Building] WARN  o.e.m.c.i.embedder.EclipseLogger - Using platform encoding (Cp1252 actually) to copy filtered resources, i.e. build is platform dependent!
2022-01-07 22:09:13,414 [Worker-42: Building] INFO  o.e.m.c.i.embedder.EclipseLogger - skip non existing resourceDirectory C:\Users\avila\OneDrive\Desktop\AdvanceJava\data_company\src\test\resources
2022-01-07 22:22:18,976 [Worker-49: Building] WARN  o.e.m.c.i.embedder.EclipseLogger - Using platform encoding (Cp1252 actually) to copy filtered resources, i.e. build is platform dependent!
2022-01-07 22:22:18,976 [Worker-49: Building] INFO  o.e.m.c.i.embedder.EclipseLogger - skip non existing resourceDirectory C:\Users\avila\OneDrive\Desktop\AdvanceJava\data_company\src\main\resources
2022-01-07 22:22:18,978 [Worker-49: Building] WARN  o.e.m.c.i.embedder.EclipseLogger - Using platform encoding (Cp1252 actually) to copy filtered resources, i.e. build is platform dependent!
2022-01-07 22:22:18,979 [Worker-49: Building] INFO  o.e.m.c.i.embedder.EclipseLogger - skip non existing resourceDirectory C:\Users\avila\OneDrive\Desktop\AdvanceJava\data_company\src\test\resources
2022-01-07 22:28:45,017 [Worker-37: Building] WARN  o.e.m.c.i.embedder.EclipseLogger - Using platform encoding (Cp1252 actually) to copy filtered resources, i.e. build is platform dependent!
2022-01-07 22:28:45,019 [Worker-37: Building] INFO  o.e.m.c.i.embedder.EclipseLogger - skip non existing resourceDirectory C:\Users\avila\OneDrive\Desktop\AdvanceJava\data_company\src\main\resources
2022-01-07 22:28:45,021 [Worker-37: Building] WARN  o.e.m.c.i.embedder.EclipseLogger - Using platform encoding (Cp1252 actually) to copy filtered resources, i.e. build is platform dependent!
2022-01-07 22:28:45,023 [Worker-37: Building] INFO  o.e.m.c.i.embedder.EclipseLogger - skip non existing resourceDirectory C:\Users\avila\OneDrive\Desktop\AdvanceJava\data_company\src\test\resources
2022-01-07 22:35:31,420 [Worker-54: Building] WARN  o.e.m.c.i.embedder.EclipseLogger - Using platform encoding (Cp1252 actually) to copy filtered resources, i.e. build is platform dependent!
2022-01-07 22:35:31,421 [Worker-54: Building] INFO  o.e.m.c.i.embedder.EclipseLogger - skip non existing resourceDirectory C:\Users\avila\OneDrive\Desktop\AdvanceJava\data_company\src\main\resources
2022-01-07 22:35:31,423 [Worker-54: Building] WARN  o.e.m.c.i.embedder.EclipseLogger - Using platform encoding (Cp1252 actually) to copy filtered resources, i.e. build is platform dependent!
2022-01-07 22:35:31,424 [Worker-54: Building] INFO  o.e.m.c.i.embedder.EclipseLogger - skip non existing resourceDirectory C:\Users\avila\OneDrive\Desktop\AdvanceJava\data_company\src\test\resources
2022-01-07 22:39:43,772 [Worker-54: Building] WARN  o.e.m.c.i.embedder.EclipseLogger - Using platform encoding (Cp1252 actually) to copy filtered resources, i.e. build is platform dependent!
2022-01-07 22:39:43,773 [Worker-54: Building] INFO  o.e.m.c.i.embedder.EclipseLogger - skip non existing resourceDirectory C:\Users\avila\OneDrive\Desktop\AdvanceJava\data_company\src\main\resources
2022-01-07 22:39:43,775 [Worker-54: Building] WARN  o.e.m.c.i.embedder.EclipseLogger - Using platform encoding (Cp1252 actually) to copy filtered resources, i.e. build is platform dependent!
2022-01-07 22:39:43,775 [Worker-54: Building] INFO  o.e.m.c.i.embedder.EclipseLogger - skip non existing resourceDirectory C:\Users\avila\OneDrive\Desktop\AdvanceJava\data_company\src\test\resources
2022-01-07 22:40:12,775 [Worker-56: Building] WARN  o.e.m.c.i.embedder.EclipseLogger - Using platform encoding (Cp1252 actually) to copy filtered resources, i.e. build is platform dependent!
2022-01-07 22:40:12,777 [Worker-56: Building] INFO  o.e.m.c.i.embedder.EclipseLogger - skip non existing resourceDirectory C:\Users\avila\OneDrive\Desktop\AdvanceJava\data_company\src\main\resources
2022-01-07 22:40:12,780 [Worker-56: Building] WARN  o.e.m.c.i.embedder.EclipseLogger - Using platform encoding (Cp1252 actually) to copy filtered resources, i.e. build is platform dependent!
2022-01-07 22:40:12,782 [Worker-56: Building] INFO  o.e.m.c.i.embedder.EclipseLogger - skip non existing resourceDirectory C:\Users\avila\OneDrive\Desktop\AdvanceJava\data_company\src\test\resources
2022-01-07 22:40:47,507 [Worker-56: Building] WARN  o.e.m.c.i.embedder.EclipseLogger - Using platform encoding (Cp1252 actually) to copy filtered resources, i.e. build is platform dependent!
2022-01-07 22:40:47,508 [Worker-56: Building] INFO  o.e.m.c.i.embedder.EclipseLogger - skip non existing resourceDirectory C:\Users\avila\OneDrive\Desktop\AdvanceJava\data_company\src\main\resources
2022-01-07 22:40:47,510 [Worker-56: Building] WARN  o.e.m.c.i.embedder.EclipseLogger - Using platform encoding (Cp1252 actually) to copy filtered resources, i.e. build is platform dependent!
2022-01-07 22:40:47,512 [Worker-56: Building] INFO  o.e.m.c.i.embedder.EclipseLogger - skip non existing resourceDirectory C:\Users\avila\OneDrive\Desktop\AdvanceJava\data_company\src\test\resources
2022-01-07 22:41:04,692 [Worker-49: Building] WARN  o.e.m.c.i.embedder.EclipseLogger - Using platform encoding (Cp1252 actually) to copy filtered resources, i.e. build is platform dependent!
2022-01-07 22:41:04,694 [Worker-49: Building] INFO  o.e.m.c.i.embedder.EclipseLogger - skip non existing resourceDirectory C:\Users\avila\OneDrive\Desktop\AdvanceJava\data_company\src\main\resources
2022-01-07 22:41:04,695 [Worker-49: Building] WARN  o.e.m.c.i.embedder.EclipseLogger - Using platform encoding (Cp1252 actually) to copy filtered resources, i.e. build is platform dependent!
2022-01-07 22:41:04,697 [Worker-49: Building] INFO  o.e.m.c.i.embedder.EclipseLogger - skip non existing resourceDirectory C:\Users\avila\OneDrive\Desktop\AdvanceJava\data_company\src\test\resources
2022-01-07 22:42:14,700 [Worker-49: Building] WARN  o.e.m.c.i.embedder.EclipseLogger - Using platform encoding (Cp1252 actually) to copy filtered resources, i.e. build is platform dependent!
2022-01-07 22:42:14,702 [Worker-49: Building] INFO  o.e.m.c.i.embedder.EclipseLogger - skip non existing resourceDirectory C:\Users\avila\OneDrive\Desktop\AdvanceJava\data_company\src\main\resources
2022-01-07 22:42:14,703 [Worker-49: Building] WARN  o.e.m.c.i.embedder.EclipseLogger - Using platform encoding (Cp1252 actually) to copy filtered resources, i.e. build is platform dependent!
2022-01-07 22:42:14,705 [Worker-49: Building] INFO  o.e.m.c.i.embedder.EclipseLogger - skip non existing resourceDirectory C:\Users\avila\OneDrive\Desktop\AdvanceJava\data_company\src\test\resources
2022-01-07 22:42:45,481 [Worker-54: Building] WARN  o.e.m.c.i.embedder.EclipseLogger - Using platform encoding (Cp1252 actually) to copy filtered resources, i.e. build is platform dependent!
2022-01-07 22:42:45,482 [Worker-54: Building] INFO  o.e.m.c.i.embedder.EclipseLogger - skip non existing resourceDirectory C:\Users\avila\OneDrive\Desktop\AdvanceJava\data_company\src\main\resources
2022-01-07 22:42:45,484 [Worker-54: Building] WARN  o.e.m.c.i.embedder.EclipseLogger - Using platform encoding (Cp1252 actually) to copy filtered resources, i.e. build is platform dependent!
2022-01-07 22:42:45,485 [Worker-54: Building] INFO  o.e.m.c.i.embedder.EclipseLogger - skip non existing resourceDirectory C:\Users\avila\OneDrive\Desktop\AdvanceJava\data_company\src\test\resources
2022-01-07 22:43:12,423 [Worker-56: Building] WARN  o.e.m.c.i.embedder.EclipseLogger - Using platform encoding (Cp1252 actually) to copy filtered resources, i.e. build is platform dependent!
2022-01-07 22:43:12,425 [Worker-56: Building] INFO  o.e.m.c.i.embedder.EclipseLogger - skip non existing resourceDirectory C:\Users\avila\OneDrive\Desktop\AdvanceJava\data_company\src\main\resources
2022-01-07 22:43:12,426 [Worker-56: Building] WARN  o.e.m.c.i.embedder.EclipseLogger - Using platform encoding (Cp1252 actually) to copy filtered resources, i.e. build is platform dependent!
2022-01-07 22:43:12,428 [Worker-56: Building] INFO  o.e.m.c.i.embedder.EclipseLogger - skip non existing resourceDirectory C:\Users\avila\OneDrive\Desktop\AdvanceJava\data_company\src\test\resources
2022-01-07 22:50:13,020 [Worker-58: Building] WARN  o.e.m.c.i.embedder.EclipseLogger - Using platform encoding (Cp1252 actually) to copy filtered resources, i.e. build is platform dependent!
2022-01-07 22:50:13,021 [Worker-58: Building] INFO  o.e.m.c.i.embedder.EclipseLogger - skip non existing resourceDirectory C:\Users\avila\OneDrive\Desktop\AdvanceJava\data_company\src\main\resources
2022-01-07 22:50:13,022 [Worker-58: Building] WARN  o.e.m.c.i.embedder.EclipseLogger - Using platform encoding (Cp1252 actually) to copy filtered resources, i.e. build is platform dependent!
2022-01-07 22:50:13,023 [Worker-58: Building] INFO  o.e.m.c.i.embedder.EclipseLogger - skip non existing resourceDirectory C:\Users\avila\OneDrive\Desktop\AdvanceJava\data_company\src\test\resources
2022-01-07 22:57:32,041 [Worker-62: Building] WARN  o.e.m.c.i.embedder.EclipseLogger - Using platform encoding (Cp1252 actually) to copy filtered resources, i.e. build is platform dependent!
2022-01-07 22:57:32,042 [Worker-62: Building] INFO  o.e.m.c.i.embedder.EclipseLogger - skip non existing resourceDirectory C:\Users\avila\OneDrive\Desktop\AdvanceJava\data_company\src\main\resources
2022-01-07 22:57:32,044 [Worker-62: Building] WARN  o.e.m.c.i.embedder.EclipseLogger - Using platform encoding (Cp1252 actually) to copy filtered resources, i.e. build is platform dependent!
2022-01-07 22:57:32,045 [Worker-62: Building] INFO  o.e.m.c.i.embedder.EclipseLogger - skip non existing resourceDirectory C:\Users\avila\OneDrive\Desktop\AdvanceJava\data_company\src\test\resources
2022-01-07 22:59:12,475 [Worker-61: Building] WARN  o.e.m.c.i.embedder.EclipseLogger - Using platform encoding (Cp1252 actually) to copy filtered resources, i.e. build is platform dependent!
2022-01-07 22:59:12,476 [Worker-61: Building] INFO  o.e.m.c.i.embedder.EclipseLogger - skip non existing resourceDirectory C:\Users\avila\OneDrive\Desktop\AdvanceJava\data_company\src\main\resources
2022-01-07 22:59:12,477 [Worker-61: Building] WARN  o.e.m.c.i.embedder.EclipseLogger - Using platform encoding (Cp1252 actually) to copy filtered resources, i.e. build is platform dependent!
2022-01-07 22:59:12,478 [Worker-61: Building] INFO  o.e.m.c.i.embedder.EclipseLogger - skip non existing resourceDirectory C:\Users\avila\OneDrive\Desktop\AdvanceJava\data_company\src\test\resources
